[debug] [2022-01-07T20:13:14.855Z] ----------------------------------------------------------------------
[debug] [2022-01-07T20:13:14.858Z] Command:       C:\Program Files\nodejs\node.exe C:\Users\Noumane\AppData\Roaming\npm\node_modules\firebase-tools\lib\bin\firebase.js init
[debug] [2022-01-07T20:13:14.858Z] CLI Version:   9.23.1
[debug] [2022-01-07T20:13:14.858Z] Platform:      win32
[debug] [2022-01-07T20:13:14.858Z] Node Version:  v14.17.6
[debug] [2022-01-07T20:13:14.859Z] Time:          Fri Jan 07 2022 21:13:14 GMT+0100 (GMT+01:00)
[debug] [2022-01-07T20:13:14.860Z] ----------------------------------------------------------------------
[debug] 
[debug] [2022-01-07T20:13:14.869Z] > command requires scopes: ["email","openid","https://www.googleapis.com/auth/cloudplatformprojects.readonly","https://www.googleapis.com/auth/firebase","https://www.googleapis.com/auth/cloud-platform"]
[debug] [2022-01-07T20:13:14.869Z] > authorizing via signed-in user (noumane.06@gmail.com)
[info] 
     ######## #### ########  ######## ########     ###     ######  ########
     ##        ##  ##     ## ##       ##     ##  ##   ##  ##       ##
     ######    ##  ########  ######   ########  #########  ######  ######
     ##        ##  ##    ##  ##       ##     ## ##     ##       ## ##
     ##       #### ##     ## ######## ########  ##     ##  ######  ########

You're about to initialize a Firebase project in this directory:

  C:\Users\Noumane\Desktop\ACE\dotnet\dotnet

[info] 
=== Project Setup
[info] 
[info] First, let's associate this project directory with a Firebase project.
[info] You can create multiple project aliases by running firebase use --add, 
[info] but for now we'll just set up a default project.
[info] 
[debug] [2022-01-07T20:13:37.886Z] > refreshing access token with scopes: []
[debug] [2022-01-07T20:13:37.887Z] >>> HTTP REQUEST POST https://www.googleapis.com/oauth2/v3/token  
 <request body omitted>
[debug] [2022-01-07T20:13:38.079Z] <<< HTTP RESPONSE 200 {"expires":"Mon, 01 Jan 1990 00:00:00 GMT","pragma":"no-cache","date":"Fri, 07 Jan 2022 20:13:38 GMT","cache-control":"no-cache, no-store, max-age=0, must-revalidate","content-type":"application/json; charset=utf-8","vary":"X-Origin, Referer, Origin,Accept-Encoding","server":"scaffolding on HTTPServer2","x-xss-protection":"0","x-frame-options":"SAMEORIGIN","x-content-type-options":"nosniff","alt-svc":"h3=\":443\"; ma=2592000,h3-29=\":443\"; ma=2592000,h3-Q050=\":443\"; ma=2592000,h3-Q046=\":443\"; ma=2592000,h3-Q043=\":443\"; ma=2592000,quic=\":443\"; ma=2592000; v=\"46,43\"","accept-ranges":"none","transfer-encoding":"chunked"}
[debug] [2022-01-07T20:13:38.101Z] >>> [apiv2][query] GET https://firebase.googleapis.com/v1beta1/projects pageSize=100
[debug] [2022-01-07T20:13:38.525Z] <<< [apiv2][status] GET https://firebase.googleapis.com/v1beta1/projects 200
[debug] [2022-01-07T20:13:38.526Z] <<< [apiv2][body] GET https://firebase.googleapis.com/v1beta1/projects [omitted]
[info] i  Using project angularfront-63958 (AngularFront) 
[info] 
=== Hosting Setup
[info] 
[info] Your public directory is the folder (relative to your project directory) that
[info] will contain Hosting assets to be uploaded with firebase deploy. If you
[info] have a build process for your assets, use your build's output directory.
[info] 
[debug] [2022-01-07T20:14:56.364Z] ----------------------------------------------------------------------
[debug] [2022-01-07T20:14:56.367Z] Command:       C:\Program Files\nodejs\node.exe C:\Users\Noumane\AppData\Roaming\npm\node_modules\firebase-tools\lib\bin\firebase.js init
[debug] [2022-01-07T20:14:56.367Z] CLI Version:   9.23.1
[debug] [2022-01-07T20:14:56.367Z] Platform:      win32
[debug] [2022-01-07T20:14:56.367Z] Node Version:  v14.17.6
[debug] [2022-01-07T20:14:56.369Z] Time:          Fri Jan 07 2022 21:14:56 GMT+0100 (GMT+01:00)
[debug] [2022-01-07T20:14:56.369Z] ----------------------------------------------------------------------
[debug] 
[debug] [2022-01-07T20:14:56.378Z] > command requires scopes: ["email","openid","https://www.googleapis.com/auth/cloudplatformprojects.readonly","https://www.googleapis.com/auth/firebase","https://www.googleapis.com/auth/cloud-platform"]
[debug] [2022-01-07T20:14:56.378Z] > authorizing via signed-in user (noumane.06@gmail.com)
[info] 
     ######## #### ########  ######## ########     ###     ######  ########
     ##        ##  ##     ## ##       ##     ##  ##   ##  ##       ##
     ######    ##  ########  ######   ########  #########  ######  ######
     ##        ##  ##    ##  ##       ##     ## ##     ##       ## ##
     ##       #### ##     ## ######## ########  ##     ##  ######  ########

You're about to initialize a Firebase project in this directory:

  C:\Users\Noumane\Desktop\ACE\dotnet\dotnet

[info] 
=== Project Setup
[info] 
[info] First, let's associate this project directory with a Firebase project.
[info] You can create multiple project aliases by running firebase use --add, 
[info] but for now we'll just set up a default project.
[info] 
[debug] [2022-01-07T20:15:02.764Z] >>> [apiv2][query] GET https://firebase.googleapis.com/v1beta1/projects pageSize=100
[debug] [2022-01-07T20:15:03.226Z] <<< [apiv2][status] GET https://firebase.googleapis.com/v1beta1/projects 200
[debug] [2022-01-07T20:15:03.226Z] <<< [apiv2][body] GET https://firebase.googleapis.com/v1beta1/projects [omitted]
[info] i  Using project angularfront-63958 (AngularFront) 
[info] 
=== Hosting Setup
[info] 
[info] Your public directory is the folder (relative to your project directory) that
[info] will contain Hosting assets to be uploaded with firebase deploy. If you
[info] have a build process for your assets, use your build's output directory.
[info] 
[debug] [2022-01-07T20:15:46.035Z] ----------------------------------------------------------------------
[debug] [2022-01-07T20:15:46.038Z] Command:       C:\Program Files\nodejs\node.exe C:\Users\Noumane\AppData\Roaming\npm\node_modules\firebase-tools\lib\bin\firebase.js init
[debug] [2022-01-07T20:15:46.038Z] CLI Version:   9.23.1
[debug] [2022-01-07T20:15:46.038Z] Platform:      win32
[debug] [2022-01-07T20:15:46.038Z] Node Version:  v14.17.6
[debug] [2022-01-07T20:15:46.040Z] Time:          Fri Jan 07 2022 21:15:46 GMT+0100 (GMT+01:00)
[debug] [2022-01-07T20:15:46.040Z] ----------------------------------------------------------------------
[debug] 
[debug] [2022-01-07T20:15:46.050Z] > command requires scopes: ["email","openid","https://www.googleapis.com/auth/cloudplatformprojects.readonly","https://www.googleapis.com/auth/firebase","https://www.googleapis.com/auth/cloud-platform"]
[debug] [2022-01-07T20:15:46.050Z] > authorizing via signed-in user (noumane.06@gmail.com)
[info] 
     ######## #### ########  ######## ########     ###     ######  ########
     ##        ##  ##     ## ##       ##     ##  ##   ##  ##       ##
     ######    ##  ########  ######   ########  #########  ######  ######
     ##        ##  ##    ##  ##       ##     ## ##     ##       ## ##
     ##       #### ##     ## ######## ########  ##     ##  ######  ########

You're about to initialize a Firebase project in this directory:

  C:\Users\Noumane\Desktop\ACE\dotnet\dotnet

[info] 
=== Project Setup
[info] 
[info] First, let's associate this project directory with a Firebase project.
[info] You can create multiple project aliases by running firebase use --add, 
[info] but for now we'll just set up a default project.
[info] 
[debug] [2022-01-07T20:15:52.488Z] >>> [apiv2][query] GET https://firebase.googleapis.com/v1beta1/projects pageSize=100
[debug] [2022-01-07T20:15:52.987Z] <<< [apiv2][status] GET https://firebase.googleapis.com/v1beta1/projects 200
[debug] [2022-01-07T20:15:52.988Z] <<< [apiv2][body] GET https://firebase.googleapis.com/v1beta1/projects [omitted]
[info] i  Using project angularfront-63958 (AngularFront) 
[info] 
=== Hosting Setup
[info] 
[info] Your public directory is the folder (relative to your project directory) that
[info] will contain Hosting assets to be uploaded with firebase deploy. If you
[info] have a build process for your assets, use your build's output directory.
[info] 
